2026-04-30T14:24:25: PM2 log: ===============================================================================
2026-04-30T14:24:25: PM2 log: --- New PM2 Daemon started ----------------------------------------------------
2026-04-30T14:24:25: PM2 log: Time                 : Thu Apr 30 2026 14:24:25 GMT+0530 (India Standard Time)
2026-04-30T14:24:25: PM2 log: PM2 version          : 6.0.14
2026-04-30T14:24:25: PM2 log: Node.js version      : 20.19.5
2026-04-30T14:24:25: PM2 log: Current arch         : x64
2026-04-30T14:24:25: PM2 log: PM2 home             : C:\Users\Sri Gautam Ji\Downloads\fs\FileServer (3)\FileServer (1)/pm2
2026-04-30T14:24:25: PM2 log: PM2 PID file         : C:\Users\Sri Gautam Ji\Downloads\fs\FileServer (3)\FileServer (1)\pm2\pm2.pid
2026-04-30T14:24:25: PM2 log: RPC socket file      : \\.\pipe\rpc.sock
2026-04-30T14:24:25: PM2 log: BUS socket file      : \\.\pipe\pub.sock
2026-04-30T14:24:25: PM2 log: Application log path : C:\Users\Sri Gautam Ji\Downloads\fs\FileServer (3)\FileServer (1)\pm2\logs
2026-04-30T14:24:25: PM2 log: Worker Interval      : 30000
2026-04-30T14:24:25: PM2 log: Process dump file    : C:\Users\Sri Gautam Ji\Downloads\fs\FileServer (3)\FileServer (1)\pm2\dump.pm2
2026-04-30T14:24:25: PM2 log: Concurrent actions   : 2
2026-04-30T14:24:25: PM2 log: SIGTERM timeout      : 1600
2026-04-30T14:24:25: PM2 log: Runtime Binary       : C:\Program Files\nodejs\node.exe
2026-04-30T14:24:25: PM2 log: ===============================================================================
2026-04-30T14:24:39: PM2 log: App [FileServer:0] starting in -fork mode-
2026-04-30T14:24:39: PM2 log: App [FileServer:0] online
2026-04-30T14:24:39: PM2 error: Error caught while calling pidusage
2026-04-30T14:24:39: PM2 error: Error: Error: spawn wmic ENOENT
2026-04-30T14:24:43: PM2 error: Error caught while calling pidusage
2026-04-30T14:24:43: PM2 error: Error: Error: spawn wmic ENOENT
2026-04-30T14:24:55: PM2 error: Error caught while calling pidusage
2026-04-30T14:24:55: PM2 error: Error: Error: spawn wmic ENOENT
2026-04-30T14:25:25: PM2 error: Error caught while calling pidusage
2026-04-30T14:25:25: PM2 error: Error: Error: spawn wmic ENOENT
2026-04-30T14:25:55: PM2 error: Error caught while calling pidusage
2026-04-30T14:25:55: PM2 error: Error: Error: spawn wmic ENOENT
2026-04-30T14:26:25: PM2 error: Error caught while calling pidusage
2026-04-30T14:26:25: PM2 error: Error: Error: spawn wmic ENOENT
2026-04-30T14:26:55: PM2 error: Error caught while calling pidusage
2026-04-30T14:26:55: PM2 error: Error: Error: spawn wmic ENOENT
2026-04-30T14:27:25: PM2 error: Error caught while calling pidusage
2026-04-30T14:27:25: PM2 error: Error: Error: spawn wmic ENOENT
2026-04-30T14:27:55: PM2 error: Error caught while calling pidusage
2026-04-30T14:27:55: PM2 error: Error: Error: spawn wmic ENOENT
2026-04-30T14:28:25: PM2 error: Error caught while calling pidusage
2026-04-30T14:28:25: PM2 error: Error: Error: spawn wmic ENOENT
2026-04-30T14:28:55: PM2 error: Error caught while calling pidusage
2026-04-30T14:28:55: PM2 error: Error: Error: spawn wmic ENOENT
2026-04-30T14:29:25: PM2 error: Error caught while calling pidusage
2026-04-30T14:29:25: PM2 error: Error: Error: spawn wmic ENOENT
2026-04-30T14:29:55: PM2 error: Error caught while calling pidusage
2026-04-30T14:29:55: PM2 error: Error: Error: spawn wmic ENOENT
2026-04-30T14:30:25: PM2 error: Error caught while calling pidusage
2026-04-30T14:30:25: PM2 error: Error: Error: spawn wmic ENOENT
2026-04-30T14:30:55: PM2 error: Error caught while calling pidusage
2026-04-30T14:30:55: PM2 error: Error: Error: spawn wmic ENOENT
2026-04-30T14:31:25: PM2 error: Error caught while calling pidusage
2026-04-30T14:31:25: PM2 error: Error: Error: spawn wmic ENOENT
2026-04-30T14:31:55: PM2 error: Error caught while calling pidusage
2026-04-30T14:31:55: PM2 error: Error: Error: spawn wmic ENOENT
2026-04-30T14:32:25: PM2 error: Error caught while calling pidusage
2026-04-30T14:32:25: PM2 error: Error: Error: spawn wmic ENOENT
2026-04-30T14:32:55: PM2 error: Error caught while calling pidusage
2026-04-30T14:32:55: PM2 error: Error: Error: spawn wmic ENOENT
2026-04-30T14:33:25: PM2 error: Error caught while calling pidusage
2026-04-30T14:33:25: PM2 error: Error: Error: spawn wmic ENOENT
2026-04-30T14:33:55: PM2 error: Error caught while calling pidusage
2026-04-30T14:33:55: PM2 error: Error: Error: spawn wmic ENOENT
2026-04-30T14:34:25: PM2 error: Error caught while calling pidusage
2026-04-30T14:34:25: PM2 error: Error: Error: spawn wmic ENOENT
2026-04-30T14:34:55: PM2 error: Error caught while calling pidusage
2026-04-30T14:34:55: PM2 error: Error: Error: spawn wmic ENOENT
2026-04-30T14:35:25: PM2 error: Error caught while calling pidusage
2026-04-30T14:35:25: PM2 error: Error: Error: spawn wmic ENOENT
2026-04-30T14:35:55: PM2 error: Error caught while calling pidusage
2026-04-30T14:35:55: PM2 error: Error: Error: spawn wmic ENOENT
2026-04-30T14:36:25: PM2 error: Error caught while calling pidusage
2026-04-30T14:36:25: PM2 error: Error: Error: spawn wmic ENOENT
2026-04-30T14:36:55: PM2 error: Error caught while calling pidusage
2026-04-30T14:36:55: PM2 error: Error: Error: spawn wmic ENOENT
2026-04-30T14:37:25: PM2 error: Error caught while calling pidusage
2026-04-30T14:37:25: PM2 error: Error: Error: spawn wmic ENOENT
2026-04-30T14:37:55: PM2 error: Error caught while calling pidusage
2026-04-30T14:37:55: PM2 error: Error: Error: spawn wmic ENOENT
2026-04-30T14:38:25: PM2 error: Error caught while calling pidusage
2026-04-30T14:38:25: PM2 error: Error: Error: spawn wmic ENOENT
2026-04-30T14:38:55: PM2 error: Error caught while calling pidusage
2026-04-30T14:38:55: PM2 error: Error: Error: spawn wmic ENOENT
2026-04-30T14:39:25: PM2 error: Error caught while calling pidusage
2026-04-30T14:39:25: PM2 error: Error: Error: spawn wmic ENOENT
2026-04-30T14:39:55: PM2 error: Error caught while calling pidusage
2026-04-30T14:39:55: PM2 error: Error: Error: spawn wmic ENOENT
2026-04-30T14:40:25: PM2 error: Error caught while calling pidusage
2026-04-30T14:40:25: PM2 error: Error: Error: spawn wmic ENOENT
2026-04-30T14:40:55: PM2 error: Error caught while calling pidusage
2026-04-30T14:40:55: PM2 error: Error: Error: spawn wmic ENOENT
2026-04-30T14:41:25: PM2 error: Error caught while calling pidusage
2026-04-30T14:41:25: PM2 error: Error: Error: spawn wmic ENOENT
2026-04-30T14:41:55: PM2 error: Error caught while calling pidusage
2026-04-30T14:41:55: PM2 error: Error: Error: spawn wmic ENOENT
2026-04-30T14:42:25: PM2 error: Error caught while calling pidusage
2026-04-30T14:42:25: PM2 error: Error: Error: spawn wmic ENOENT
2026-04-30T14:42:55: PM2 error: Error caught while calling pidusage
2026-04-30T14:42:55: PM2 error: Error: Error: spawn wmic ENOENT
2026-04-30T14:43:25: PM2 error: Error caught while calling pidusage
2026-04-30T14:43:25: PM2 error: Error: Error: spawn wmic ENOENT
2026-04-30T14:43:55: PM2 error: Error caught while calling pidusage
2026-04-30T14:43:55: PM2 error: Error: Error: spawn wmic ENOENT
2026-04-30T14:44:25: PM2 error: Error caught while calling pidusage
2026-04-30T14:44:25: PM2 error: Error: Error: spawn wmic ENOENT
2026-04-30T14:44:55: PM2 error: Error caught while calling pidusage
2026-04-30T14:44:55: PM2 error: Error: Error: spawn wmic ENOENT
2026-04-30T14:45:25: PM2 error: Error caught while calling pidusage
2026-04-30T14:45:25: PM2 error: Error: Error: spawn wmic ENOENT
2026-04-30T14:45:55: PM2 error: Error caught while calling pidusage
2026-04-30T14:45:55: PM2 error: Error: Error: spawn wmic ENOENT
2026-04-30T14:46:25: PM2 error: Error caught while calling pidusage
2026-04-30T14:46:25: PM2 error: Error: Error: spawn wmic ENOENT
2026-04-30T14:46:55: PM2 error: Error caught while calling pidusage
2026-04-30T14:46:55: PM2 error: Error: Error: spawn wmic ENOENT
2026-04-30T14:47:26: PM2 error: Error caught while calling pidusage
2026-04-30T14:47:26: PM2 error: Error: Error: spawn wmic ENOENT
2026-04-30T14:47:56: PM2 error: Error caught while calling pidusage
2026-04-30T14:47:56: PM2 error: Error: Error: spawn wmic ENOENT
2026-04-30T14:48:26: PM2 error: Error caught while calling pidusage
2026-04-30T14:48:26: PM2 error: Error: Error: spawn wmic ENOENT
2026-04-30T14:48:56: PM2 error: Error caught while calling pidusage
2026-04-30T14:48:56: PM2 error: Error: Error: spawn wmic ENOENT
2026-04-30T14:49:26: PM2 error: Error caught while calling pidusage
2026-04-30T14:49:26: PM2 error: Error: Error: spawn wmic ENOENT
2026-04-30T14:49:56: PM2 error: Error caught while calling pidusage
2026-04-30T14:49:56: PM2 error: Error: Error: spawn wmic ENOENT
2026-04-30T14:50:26: PM2 error: Error caught while calling pidusage
2026-04-30T14:50:26: PM2 error: Error: Error: spawn wmic ENOENT
2026-04-30T14:50:56: PM2 error: Error caught while calling pidusage
2026-04-30T14:50:56: PM2 error: Error: Error: spawn wmic ENOENT
2026-04-30T14:51:26: PM2 error: Error caught while calling pidusage
2026-04-30T14:51:26: PM2 error: Error: Error: spawn wmic ENOENT
2026-04-30T14:51:56: PM2 error: Error caught while calling pidusage
2026-04-30T14:51:56: PM2 error: Error: Error: spawn wmic ENOENT
2026-04-30T14:52:26: PM2 error: Error caught while calling pidusage
2026-04-30T14:52:26: PM2 error: Error: Error: spawn wmic ENOENT
2026-04-30T14:52:56: PM2 error: Error caught while calling pidusage
2026-04-30T14:52:56: PM2 error: Error: Error: spawn wmic ENOENT
2026-04-30T14:53:26: PM2 error: Error caught while calling pidusage
2026-04-30T14:53:26: PM2 error: Error: Error: spawn wmic ENOENT
2026-04-30T14:53:56: PM2 error: Error caught while calling pidusage
2026-04-30T14:53:56: PM2 error: Error: Error: spawn wmic ENOENT
2026-04-30T14:54:26: PM2 error: Error caught while calling pidusage
2026-04-30T14:54:26: PM2 error: Error: Error: spawn wmic ENOENT
2026-04-30T14:54:56: PM2 error: Error caught while calling pidusage
2026-04-30T14:54:56: PM2 error: Error: Error: spawn wmic ENOENT
2026-04-30T14:55:26: PM2 error: Error caught while calling pidusage
2026-04-30T14:55:26: PM2 error: Error: Error: spawn wmic ENOENT
2026-04-30T14:55:56: PM2 error: Error caught while calling pidusage
2026-04-30T14:55:56: PM2 error: Error: Error: spawn wmic ENOENT
2026-04-30T14:56:26: PM2 error: Error caught while calling pidusage
2026-04-30T14:56:26: PM2 error: Error: Error: spawn wmic ENOENT
2026-04-30T14:56:56: PM2 error: Error caught while calling pidusage
2026-04-30T14:56:56: PM2 error: Error: Error: spawn wmic ENOENT
2026-04-30T14:57:26: PM2 error: Error caught while calling pidusage
2026-04-30T14:57:26: PM2 error: Error: Error: spawn wmic ENOENT
2026-04-30T14:57:56: PM2 error: Error caught while calling pidusage
2026-04-30T14:57:56: PM2 error: Error: Error: spawn wmic ENOENT
2026-04-30T14:58:26: PM2 error: Error caught while calling pidusage
2026-04-30T14:58:26: PM2 error: Error: Error: spawn wmic ENOENT
2026-04-30T14:58:56: PM2 error: Error caught while calling pidusage
2026-04-30T14:58:56: PM2 error: Error: Error: spawn wmic ENOENT
2026-04-30T14:59:26: PM2 error: Error caught while calling pidusage
2026-04-30T14:59:26: PM2 error: Error: Error: spawn wmic ENOENT
2026-04-30T14:59:56: PM2 error: Error caught while calling pidusage
2026-04-30T14:59:56: PM2 error: Error: Error: spawn wmic ENOENT
2026-04-30T15:00:26: PM2 error: Error caught while calling pidusage
2026-04-30T15:00:26: PM2 error: Error: Error: spawn wmic ENOENT
2026-04-30T15:00:56: PM2 error: Error caught while calling pidusage
2026-04-30T15:00:56: PM2 error: Error: Error: spawn wmic ENOENT
2026-04-30T15:01:26: PM2 error: Error caught while calling pidusage
2026-04-30T15:01:26: PM2 error: Error: Error: spawn wmic ENOENT
2026-04-30T15:01:56: PM2 error: Error caught while calling pidusage
2026-04-30T15:01:56: PM2 error: Error: Error: spawn wmic ENOENT
2026-04-30T15:02:26: PM2 error: Error caught while calling pidusage
2026-04-30T15:02:26: PM2 error: Error: Error: spawn wmic ENOENT
2026-04-30T15:02:56: PM2 error: Error caught while calling pidusage
2026-04-30T15:02:56: PM2 error: Error: Error: spawn wmic ENOENT
2026-04-30T15:03:26: PM2 error: Error caught while calling pidusage
2026-04-30T15:03:26: PM2 error: Error: Error: spawn wmic ENOENT
2026-04-30T15:03:56: PM2 error: Error caught while calling pidusage
2026-04-30T15:03:56: PM2 error: Error: Error: spawn wmic ENOENT
2026-04-30T15:04:26: PM2 error: Error caught while calling pidusage
2026-04-30T15:04:26: PM2 error: Error: Error: spawn wmic ENOENT
2026-04-30T15:04:56: PM2 error: Error caught while calling pidusage
2026-04-30T15:04:56: PM2 error: Error: Error: spawn wmic ENOENT
2026-04-30T15:05:26: PM2 error: Error caught while calling pidusage
2026-04-30T15:05:26: PM2 error: Error: Error: spawn wmic ENOENT
2026-04-30T15:05:56: PM2 error: Error caught while calling pidusage
2026-04-30T15:05:56: PM2 error: Error: Error: spawn wmic ENOENT
2026-04-30T15:06:26: PM2 error: Error caught while calling pidusage
2026-04-30T15:06:26: PM2 error: Error: Error: spawn wmic ENOENT
2026-04-30T15:06:56: PM2 error: Error caught while calling pidusage
2026-04-30T15:06:56: PM2 error: Error: Error: spawn wmic ENOENT
2026-04-30T15:07:26: PM2 error: Error caught while calling pidusage
2026-04-30T15:07:26: PM2 error: Error: Error: spawn wmic ENOENT
2026-04-30T15:07:56: PM2 error: Error caught while calling pidusage
2026-04-30T15:07:56: PM2 error: Error: Error: spawn wmic ENOENT
2026-04-30T15:08:26: PM2 error: Error caught while calling pidusage
2026-04-30T15:08:26: PM2 error: Error: Error: spawn wmic ENOENT
2026-04-30T15:08:56: PM2 error: Error caught while calling pidusage
2026-04-30T15:08:56: PM2 error: Error: Error: spawn wmic ENOENT
2026-04-30T15:09:26: PM2 error: Error caught while calling pidusage
2026-04-30T15:09:26: PM2 error: Error: Error: spawn wmic ENOENT
2026-04-30T15:09:56: PM2 error: Error caught while calling pidusage
2026-04-30T15:09:56: PM2 error: Error: Error: spawn wmic ENOENT
2026-04-30T15:10:26: PM2 error: Error caught while calling pidusage
2026-04-30T15:10:26: PM2 error: Error: Error: spawn wmic ENOENT
2026-04-30T15:10:56: PM2 error: Error caught while calling pidusage
2026-04-30T15:10:56: PM2 error: Error: Error: spawn wmic ENOENT
2026-04-30T15:11:26: PM2 error: Error caught while calling pidusage
2026-04-30T15:11:26: PM2 error: Error: Error: spawn wmic ENOENT
2026-04-30T15:11:56: PM2 error: Error caught while calling pidusage
2026-04-30T15:11:56: PM2 error: Error: Error: spawn wmic ENOENT
2026-04-30T15:12:26: PM2 error: Error caught while calling pidusage
2026-04-30T15:12:26: PM2 error: Error: Error: spawn wmic ENOENT
2026-04-30T15:12:56: PM2 error: Error caught while calling pidusage
2026-04-30T15:12:56: PM2 error: Error: Error: spawn wmic ENOENT
2026-04-30T15:13:26: PM2 error: Error caught while calling pidusage
2026-04-30T15:13:26: PM2 error: Error: Error: spawn wmic ENOENT
2026-04-30T15:13:56: PM2 error: Error caught while calling pidusage
2026-04-30T15:13:56: PM2 error: Error: Error: spawn wmic ENOENT
2026-04-30T15:14:26: PM2 error: Error caught while calling pidusage
2026-04-30T15:14:26: PM2 error: Error: Error: spawn wmic ENOENT
2026-04-30T15:14:56: PM2 error: Error caught while calling pidusage
2026-04-30T15:14:56: PM2 error: Error: Error: spawn wmic ENOENT
2026-04-30T15:15:26: PM2 error: Error caught while calling pidusage
2026-04-30T15:15:26: PM2 error: Error: Error: spawn wmic ENOENT
2026-04-30T15:15:56: PM2 error: Error caught while calling pidusage
2026-04-30T15:15:56: PM2 error: Error: Error: spawn wmic ENOENT
2026-04-30T15:16:26: PM2 error: Error caught while calling pidusage
2026-04-30T15:16:26: PM2 error: Error: Error: spawn wmic ENOENT
2026-04-30T15:16:56: PM2 error: Error caught while calling pidusage
2026-04-30T15:16:56: PM2 error: Error: Error: spawn wmic ENOENT
2026-04-30T15:17:26: PM2 error: Error caught while calling pidusage
2026-04-30T15:17:26: PM2 error: Error: Error: spawn wmic ENOENT
2026-04-30T15:17:56: PM2 error: Error caught while calling pidusage
2026-04-30T15:17:56: PM2 error: Error: Error: spawn wmic ENOENT
2026-04-30T15:18:26: PM2 error: Error caught while calling pidusage
2026-04-30T15:18:26: PM2 error: Error: Error: spawn wmic ENOENT
2026-04-30T15:18:56: PM2 error: Error caught while calling pidusage
2026-04-30T15:18:56: PM2 error: Error: Error: spawn wmic ENOENT
2026-04-30T15:19:26: PM2 error: Error caught while calling pidusage
2026-04-30T15:19:26: PM2 error: Error: Error: spawn wmic ENOENT
2026-04-30T15:19:56: PM2 error: Error caught while calling pidusage
2026-04-30T15:19:56: PM2 error: Error: Error: spawn wmic ENOENT
2026-04-30T15:20:26: PM2 error: Error caught while calling pidusage
2026-04-30T15:20:26: PM2 error: Error: Error: spawn wmic ENOENT
2026-04-30T15:20:56: PM2 error: Error caught while calling pidusage
2026-04-30T15:20:56: PM2 error: Error: Error: spawn wmic ENOENT
2026-04-30T15:21:26: PM2 error: Error caught while calling pidusage
2026-04-30T15:21:26: PM2 error: Error: Error: spawn wmic ENOENT
2026-04-30T15:21:56: PM2 error: Error caught while calling pidusage
2026-04-30T15:21:56: PM2 error: Error: Error: spawn wmic ENOENT
2026-04-30T15:22:26: PM2 error: Error caught while calling pidusage
2026-04-30T15:22:26: PM2 error: Error: Error: spawn wmic ENOENT
2026-04-30T15:22:56: PM2 error: Error caught while calling pidusage
2026-04-30T15:22:56: PM2 error: Error: Error: spawn wmic ENOENT
2026-04-30T15:23:26: PM2 error: Error caught while calling pidusage
2026-04-30T15:23:26: PM2 error: Error: Error: spawn wmic ENOENT
2026-04-30T15:23:36: PM2 error: Error caught while calling pidusage
2026-04-30T15:23:36: PM2 error: Error: Error: spawn wmic ENOENT
2026-04-30T15:23:36: PM2 log: Stopping app:FileServer id:0
2026-04-30T15:23:37: PM2 log: App [FileServer:0] exited with code [1] via signal [SIGINT]
2026-04-30T15:23:37: PM2 log: pid=31636 msg=process killed
2026-04-30T15:23:37: PM2 log: App [FileServer:0] starting in -fork mode-
2026-04-30T15:23:37: PM2 log: App [FileServer:0] online
2026-04-30T15:23:37: PM2 error: Error caught while calling pidusage
2026-04-30T15:23:37: PM2 error: Error: Error: spawn wmic ENOENT
2026-04-30T15:23:40: PM2 error: Error caught while calling pidusage
2026-04-30T15:23:40: PM2 error: Error: Error: spawn wmic ENOENT
2026-04-30T15:23:56: PM2 error: Error caught while calling pidusage
2026-04-30T15:23:56: PM2 error: Error: Error: spawn wmic ENOENT
2026-04-30T15:24:26: PM2 error: Error caught while calling pidusage
2026-04-30T15:24:26: PM2 error: Error: Error: spawn wmic ENOENT
2026-04-30T15:24:56: PM2 error: Error caught while calling pidusage
2026-04-30T15:24:56: PM2 error: Error: Error: spawn wmic ENOENT
2026-04-30T15:25:26: PM2 error: Error caught while calling pidusage
2026-04-30T15:25:26: PM2 error: Error: Error: spawn wmic ENOENT
2026-04-30T15:25:56: PM2 error: Error caught while calling pidusage
2026-04-30T15:25:56: PM2 error: Error: Error: spawn wmic ENOENT
2026-04-30T15:26:26: PM2 error: Error caught while calling pidusage
2026-04-30T15:26:26: PM2 error: Error: Error: spawn wmic ENOENT
2026-04-30T15:26:56: PM2 error: Error caught while calling pidusage
2026-04-30T15:26:56: PM2 error: Error: Error: spawn wmic ENOENT
2026-04-30T15:27:26: PM2 error: Error caught while calling pidusage
2026-04-30T15:27:26: PM2 error: Error: Error: spawn wmic ENOENT
2026-04-30T15:27:56: PM2 error: Error caught while calling pidusage
2026-04-30T15:27:56: PM2 error: Error: Error: spawn wmic ENOENT
2026-04-30T15:28:26: PM2 error: Error caught while calling pidusage
2026-04-30T15:28:26: PM2 error: Error: Error: spawn wmic ENOENT
2026-04-30T15:28:56: PM2 error: Error caught while calling pidusage
2026-04-30T15:28:56: PM2 error: Error: Error: spawn wmic ENOENT
2026-04-30T15:29:26: PM2 error: Error caught while calling pidusage
2026-04-30T15:29:26: PM2 error: Error: Error: spawn wmic ENOENT
2026-04-30T15:29:56: PM2 error: Error caught while calling pidusage
2026-04-30T15:29:56: PM2 error: Error: Error: spawn wmic ENOENT
2026-04-30T15:30:26: PM2 error: Error caught while calling pidusage
2026-04-30T15:30:26: PM2 error: Error: Error: spawn wmic ENOENT
2026-04-30T15:30:56: PM2 error: Error caught while calling pidusage
2026-04-30T15:30:56: PM2 error: Error: Error: spawn wmic ENOENT
2026-04-30T15:31:26: PM2 error: Error caught while calling pidusage
2026-04-30T15:31:26: PM2 error: Error: Error: spawn wmic ENOENT
2026-04-30T15:31:56: PM2 error: Error caught while calling pidusage
2026-04-30T15:31:56: PM2 error: Error: Error: spawn wmic ENOENT
2026-04-30T15:32:26: PM2 error: Error caught while calling pidusage
2026-04-30T15:32:26: PM2 error: Error: Error: spawn wmic ENOENT
2026-04-30T15:32:56: PM2 error: Error caught while calling pidusage
2026-04-30T15:32:56: PM2 error: Error: Error: spawn wmic ENOENT
2026-04-30T15:33:26: PM2 error: Error caught while calling pidusage
2026-04-30T15:33:26: PM2 error: Error: Error: spawn wmic ENOENT
2026-04-30T15:33:56: PM2 error: Error caught while calling pidusage
2026-04-30T15:33:56: PM2 error: Error: Error: spawn wmic ENOENT
